  EasyTcpServer1_8_8_main.cpp
g:\giteelocal\cppnet\easytcp\easytcpserver1.8.8\easytcpserver1_8_8_main.cpp : warning C4819: 该文件包含不能在当前代码页(936)中表示的字符。请将该文件保存为 Unicode 格式以防止数据丢失
g:\giteelocal\cppnet\easytcp\easytcpserver1.8.8\myserver1_8_8.hpp : warning C4819: 该文件包含不能在当前代码页(936)中表示的字符。请将该文件保存为 Unicode 格式以防止数据丢失
g:\giteelocal\cppnet\easytcp\easytcpserver1.8.8\easytcpserver1_8_8.hpp : warning C4819: 该文件包含不能在当前代码页(936)中表示的字符。请将该文件保存为 Unicode 格式以防止数据丢失
g:\giteelocal\cppnet\easytcp\easytcpserver1.8.8\publiclib.hpp : warning C4819: 该文件包含不能在当前代码页(936)中表示的字符。请将该文件保存为 Unicode 格式以防止数据丢失
g:\giteelocal\cppnet\easytcp\easytcpserver1.8.8\celltask.hpp : warning C4819: 该文件包含不能在当前代码页(936)中表示的字符。请将该文件保存为 Unicode 格式以防止数据丢失
g:\giteelocal\cppnet\easytcp\easytcpserver1.8.8\clientsocket.hpp : warning C4819: 该文件包含不能在当前代码页(936)中表示的字符。请将该文件保存为 Unicode 格式以防止数据丢失
g:\giteelocal\cppnet\easytcp\easytcpserver1.8.8\clientsocket.hpp(93): error C2065: “CLIENT_HREAT_DEAD_TIME”: 未声明的标识符
g:\giteelocal\cppnet\easytcp\easytcpserver1.8.8\clientsocket.hpp(95): warning C4477: “printf”: 格式字符串“%d”需要类型“int”的参数，但可变参数 1 拥有了类型“SOCKET”
  g:\giteelocal\cppnet\easytcp\easytcpserver1.8.8\clientsocket.hpp(95): note: 请考虑在格式字符串中使用“%lld”
  g:\giteelocal\cppnet\easytcp\easytcpserver1.8.8\clientsocket.hpp(95): note: 请考虑在格式字符串中使用“%Id”
  g:\giteelocal\cppnet\easytcp\easytcpserver1.8.8\clientsocket.hpp(95): note: 请考虑在格式字符串中使用“%I64d”
g:\giteelocal\cppnet\easytcp\easytcpserver1.8.8\clientsocket.hpp(95): warning C4477: “printf”: 格式字符串“%d”需要类型“int”的参数，但可变参数 2 拥有了类型“time_t”
  g:\giteelocal\cppnet\easytcp\easytcpserver1.8.8\clientsocket.hpp(95): note: 请考虑在格式字符串中使用“%lld”
  g:\giteelocal\cppnet\easytcp\easytcpserver1.8.8\clientsocket.hpp(95): note: 请考虑在格式字符串中使用“%Id”
  g:\giteelocal\cppnet\easytcp\easytcpserver1.8.8\clientsocket.hpp(95): note: 请考虑在格式字符串中使用“%I64d”
g:\giteelocal\cppnet\easytcp\easytcpserver1.8.8\cellserver.hpp : warning C4819: 该文件包含不能在当前代码页(936)中表示的字符。请将该文件保存为 Unicode 格式以防止数据丢失
g:\giteelocal\cppnet\easytcp\easytcpserver1.8.8\cellserver.hpp(111): warning C4244: “参数”: 从“SOCKET”转换到“int”，可能丢失数据
g:\giteelocal\cppnet\easytcp\easytcpserver1.8.8\cellserver.hpp(160): warning C4018: “<”: 有符号/无符号不匹配
g:\giteelocal\cppnet\easytcp\easytcpserver1.8.8\easytcpserver1_8_8.hpp(203): warning C4244: “参数”: 从“SOCKET”转换到“int”，可能丢失数据
