Using pre-set license
Built from '2021.1/china_unity/release' branch; Version is '2021.1.5f1c1 (6e5a93ddf9be) revision 7232147'; Using compiler version '192528614'; Build Type 'Release'
OS: 'Windows 10 Pro; OS build 19042.928; Version 2009; 64bit' Language: 'zh' Physical Memory: 12166 MB
BatchMode: 1, IsHumanControllingUs: 0, StartBugReporterOnCrash: 0, Is64bit: 1, IsPro: 0

 COMMAND LINE ARGUMENTS:
F:\Program Files\Unity 2021.1.5f1c1\Editor\Unity.exe
-adb2
-batchMode
-noUpm
-name
AssetImportWorker0
-projectPath
G:/GiteeLocal/CppNet/EasyTcp2.0/Unity Plugin Project
-logFile
Logs/AssetImportWorker0.log
-srvPort
53681
Successfully changed project path to: G:/GiteeLocal/CppNet/EasyTcp2.0/Unity Plugin Project
G:/GiteeLocal/CppNet/EasyTcp2.0/Unity Plugin Project
Using Asset Import Pipeline V2.
Refreshing native plugins compatible for Editor in 84.14 ms, found 3 plugins.
Preloading 0 native plugins for Editor in 0.00 ms.
Initialize engine version: 2021.1.5f1c1 (6e5a93ddf9be)
[Subsystems] Discovering subsystems at path F:/Program Files/Unity 2021.1.5f1c1/Editor/Data/Resources/UnitySubsystems
[Subsystems] Discovering subsystems at path G:/GiteeLocal/CppNet/EasyTcp2.0/Unity Plugin Project/Assets
GfxDevice: creating device client; threaded=0; jobified=0
Direct3D:
    Version:  Direct3D 11.0 [level 11.0]
    Renderer: NVIDIA GeForce GT 730M (ID=0x1290)
    Vendor:   NVIDIA
    VRAM:     986 MB
    Driver:   24.21.13.9836
Initialize mono
Mono path[0] = 'F:/Program Files/Unity 2021.1.5f1c1/Editor/Data/Managed'
Mono path[1] = 'F:/Program Files/Unity 2021.1.5f1c1/Editor/Data/MonoBleedingEdge/lib/mono/unityjit'
Mono config path = 'F:/Program Files/Unity 2021.1.5f1c1/Editor/Data/MonoBleedingEdge/etc'
Using monoOptions --debugger-agent=transport=dt_socket,embedding=1,server=y,suspend=n,address=127.0.0.1:56208
Begin MonoManager ReloadAssembly
Registering precompiled unity dll's ...
Register platform support module: F:/Program Files/Unity 2021.1.5f1c1/Editor/Data/PlaybackEngines/WindowsStandaloneSupport/UnityEditor.WindowsStandalone.Extensions.dll
Registered in 0.002087 seconds.
Native extension for WindowsStandalone target not found
Refreshing native plugins compatible for Editor in 90.71 ms, found 3 plugins.
Preloading 0 native plugins for Editor in 0.00 ms.
Mono: successfully reloaded assembly
- Completed reload, in  1.740 seconds
Platform modules already initialized, skipping
Registering precompiled user dll's ...
Registered in 0.003037 seconds.
Begin MonoManager ReloadAssembly
Native extension for WindowsStandalone target not found
Refreshing native plugins compatible for Editor in 0.61 ms, found 3 plugins.
Preloading 0 native plugins for Editor in 0.00 ms.
Mono: successfully reloaded assembly
- Completed reload, in  1.315 seconds
Platform modules already initialized, skipping
========================================================================
Worker process is ready to serve import requests
Launched and connected shader compiler UnityShaderCompiler.exe after 0.05 seconds
Refreshing native plugins compatible for Editor in 0.70 ms, found 3 plugins.
Preloading 0 native plugins for Editor in 0.00 ms.
Unloading 2670 Unused Serialized files (Serialized files now loaded: 0)
System memory in use before: 100.3 MB.
System memory in use after: 100.5 MB.

Unloading 16 unused Assets to reduce memory usage. Loaded Objects now: 3121.
Total: 3.360500 ms (FindLiveObjects: 0.416900 ms CreateObjectMapping: 0.317300 ms MarkObjects: 2.545700 ms  DeleteObjects: 0.079400 ms)

========================================================================
Received Import Request.
  path: Assets/Scenes/NewBehaviourScript.cs
  artifactKey: Guid(7a1e5908e83bc8f4eaacba61c1f63420) Importer(815301076,1909f56bfc062723c751e8b465ee728b)
Start importing Assets/Scenes/NewBehaviourScript.cs using Guid(7a1e5908e83bc8f4eaacba61c1f63420) Importer(815301076,1909f56bfc062723c751e8b465ee728b)  -> (artifact id: '41e8747a20eec2fc93ecb13804a259c5') in 0.074982 seconds 
========================================================================
Received Import Request.
  Time since last request: 1379.113423 seconds.
  path: Assets/Scenes/NewBehaviourScript.cs
  artifactKey: Guid(7a1e5908e83bc8f4eaacba61c1f63420) Importer(815301076,1909f56bfc062723c751e8b465ee728b)
Start importing Assets/Scenes/NewBehaviourScript.cs using Guid(7a1e5908e83bc8f4eaacba61c1f63420) Importer(815301076,1909f56bfc062723c751e8b465ee728b)  -> (artifact id: '95ff587e99c567ba827c1d2275cc7a4e') in 0.018461 seconds 
========================================================================
Received Import Request.
  Time since last request: 23.922328 seconds.
  path: Assets/Scenes/CellSendStream.cs
  artifactKey: Guid(4afc32aadd505454c9a7d56444edb323) Importer(815301076,1909f56bfc062723c751e8b465ee728b)
Start importing Assets/Scenes/CellSendStream.cs using Guid(4afc32aadd505454c9a7d56444edb323) Importer(815301076,1909f56bfc062723c751e8b465ee728b)  -> (artifact id: '7de0b938f0a21696b8577f297c65b96c') in 0.011159 seconds 
========================================================================
Received Prepare
Registering precompiled user dll's ...
Registered in 0.003158 seconds.
Begin MonoManager ReloadAssembly
Native extension for WindowsStandalone target not found
Refreshing native plugins compatible for Editor in 0.73 ms, found 3 plugins.
Preloading 0 native plugins for Editor in 0.00 ms.
Mono: successfully reloaded assembly
- Completed reload, in  1.334 seconds
Platform modules already initialized, skipping
Refreshing native plugins compatible for Editor in 0.67 ms, found 3 plugins.
Preloading 0 native plugins for Editor in 0.00 ms.
Unloading 2665 Unused Serialized files (Serialized files now loaded: 0)
System memory in use before: 100.2 MB.
System memory in use after: 100.4 MB.

Unloading 11 unused Assets to reduce memory usage. Loaded Objects now: 3125.
Total: 2.450600 ms (FindLiveObjects: 0.335800 ms CreateObjectMapping: 0.131400 ms MarkObjects: 1.954600 ms  DeleteObjects: 0.027600 ms)

========================================================================
Received Prepare
Registering precompiled user dll's ...
Registered in 0.004988 seconds.
Begin MonoManager ReloadAssembly
Native extension for WindowsStandalone target not found
Refreshing native plugins compatible for Editor in 0.61 ms, found 3 plugins.
Preloading 0 native plugins for Editor in 0.00 ms.
Mono: successfully reloaded assembly
- Completed reload, in  1.208 seconds
Platform modules already initialized, skipping
Refreshing native plugins compatible for Editor in 0.65 ms, found 3 plugins.
Preloading 0 native plugins for Editor in 0.00 ms.
Unloading 2665 Unused Serialized files (Serialized files now loaded: 0)
System memory in use before: 100.2 MB.
System memory in use after: 100.5 MB.

Unloading 11 unused Assets to reduce memory usage. Loaded Objects now: 3128.
Total: 2.520300 ms (FindLiveObjects: 0.330300 ms CreateObjectMapping: 0.133000 ms MarkObjects: 2.031500 ms  DeleteObjects: 0.024200 ms)

========================================================================
Received Import Request.
  Time since last request: 1979.372814 seconds.
  path: Assets/Scenes/CellSendStream.cs
  artifactKey: Guid(4afc32aadd505454c9a7d56444edb323) Importer(815301076,1909f56bfc062723c751e8b465ee728b)
Start importing Assets/Scenes/CellSendStream.cs using Guid(4afc32aadd505454c9a7d56444edb323) Importer(815301076,1909f56bfc062723c751e8b465ee728b)  -> (artifact id: 'adcdb045eb86549a5f69b3862f4e104b') in 0.015782 seconds 
========================================================================
Received Import Request.
  Time since last request: 32.900723 seconds.
  path: Assets/Scenes/ClientNode.cs
  artifactKey: Guid(7a1e5908e83bc8f4eaacba61c1f63420) Importer(815301076,1909f56bfc062723c751e8b465ee728b)
Start importing Assets/Scenes/ClientNode.cs using Guid(7a1e5908e83bc8f4eaacba61c1f63420) Importer(815301076,1909f56bfc062723c751e8b465ee728b)  -> (artifact id: 'f2620a0e9354f50e18984f16fbf9aaa5') in 0.014344 seconds 
========================================================================
Received Prepare
Registering precompiled user dll's ...
Registered in 0.002835 seconds.
Begin MonoManager ReloadAssembly
Native extension for WindowsStandalone target not found
Refreshing native plugins compatible for Editor in 0.95 ms, found 3 plugins.
Preloading 0 native plugins for Editor in 0.00 ms.
Mono: successfully reloaded assembly
- Completed reload, in  1.700 seconds
Platform modules already initialized, skipping
Refreshing native plugins compatible for Editor in 0.66 ms, found 3 plugins.
Preloading 0 native plugins for Editor in 0.00 ms.
Unloading 2665 Unused Serialized files (Serialized files now loaded: 0)
System memory in use before: 100.3 MB.
System memory in use after: 100.5 MB.

Unloading 11 unused Assets to reduce memory usage. Loaded Objects now: 3131.
Total: 3.046700 ms (FindLiveObjects: 0.389200 ms CreateObjectMapping: 0.286400 ms MarkObjects: 2.283300 ms  DeleteObjects: 0.086500 ms)

========================================================================
Received Prepare
Registering precompiled user dll's ...
Registered in 0.002886 seconds.
Begin MonoManager ReloadAssembly
Native extension for WindowsStandalone target not found
Refreshing native plugins compatible for Editor in 0.59 ms, found 3 plugins.
Preloading 0 native plugins for Editor in 0.00 ms.
Mono: successfully reloaded assembly
- Completed reload, in  1.245 seconds
Platform modules already initialized, skipping
Refreshing native plugins compatible for Editor in 0.59 ms, found 3 plugins.
Preloading 0 native plugins for Editor in 0.00 ms.
Unloading 2665 Unused Serialized files (Serialized files now loaded: 0)
System memory in use before: 100.3 MB.
System memory in use after: 100.5 MB.

Unloading 11 unused Assets to reduce memory usage. Loaded Objects now: 3134.
Total: 2.367700 ms (FindLiveObjects: 0.259500 ms CreateObjectMapping: 0.133200 ms MarkObjects: 1.954300 ms  DeleteObjects: 0.019300 ms)

========================================================================
Received Import Request.
  Time since last request: 43.804425 seconds.
  path: Assets/Scenes/ClientNode.cs
  artifactKey: Guid(7a1e5908e83bc8f4eaacba61c1f63420) Importer(815301076,1909f56bfc062723c751e8b465ee728b)
Start importing Assets/Scenes/ClientNode.cs using Guid(7a1e5908e83bc8f4eaacba61c1f63420) Importer(815301076,1909f56bfc062723c751e8b465ee728b)  -> (artifact id: '396558469a96d50d4d260c039d21635f') in 0.008156 seconds 
========================================================================
Received Prepare
Registering precompiled user dll's ...
Registered in 0.003003 seconds.
Begin MonoManager ReloadAssembly
Native extension for WindowsStandalone target not found
Refreshing native plugins compatible for Editor in 0.60 ms, found 3 plugins.
Preloading 0 native plugins for Editor in 0.00 ms.
Mono: successfully reloaded assembly
- Completed reload, in  1.348 seconds
Platform modules already initialized, skipping
Refreshing native plugins compatible for Editor in 0.62 ms, found 3 plugins.
Preloading 0 native plugins for Editor in 0.00 ms.
Unloading 2665 Unused Serialized files (Serialized files now loaded: 0)
System memory in use before: 100.3 MB.
System memory in use after: 100.5 MB.

Unloading 11 unused Assets to reduce memory usage. Loaded Objects now: 3137.
Total: 3.066700 ms (FindLiveObjects: 0.336000 ms CreateObjectMapping: 0.137700 ms MarkObjects: 2.567900 ms  DeleteObjects: 0.023600 ms)

========================================================================
Received Prepare
Registering precompiled user dll's ...
Registered in 0.004323 seconds.
Begin MonoManager ReloadAssembly
Native extension for WindowsStandalone target not found
Refreshing native plugins compatible for Editor in 0.62 ms, found 3 plugins.
Preloading 0 native plugins for Editor in 0.00 ms.
Mono: successfully reloaded assembly
- Completed reload, in  1.312 seconds
Platform modules already initialized, skipping
Refreshing native plugins compatible for Editor in 0.70 ms, found 3 plugins.
Preloading 0 native plugins for Editor in 0.00 ms.
Unloading 2665 Unused Serialized files (Serialized files now loaded: 0)
System memory in use before: 100.3 MB.
System memory in use after: 100.5 MB.

Unloading 11 unused Assets to reduce memory usage. Loaded Objects now: 3140.
Total: 3.922100 ms (FindLiveObjects: 0.449500 ms CreateObjectMapping: 0.355200 ms MarkObjects: 3.094800 ms  DeleteObjects: 0.021100 ms)

========================================================================
Received Prepare
Registering precompiled user dll's ...
Registered in 0.002947 seconds.
Begin MonoManager ReloadAssembly
Native extension for WindowsStandalone target not found
Refreshing native plugins compatible for Editor in 0.59 ms, found 3 plugins.
Preloading 0 native plugins for Editor in 0.00 ms.
Mono: successfully reloaded assembly
- Completed reload, in  1.239 seconds
Platform modules already initialized, skipping
Refreshing native plugins compatible for Editor in 0.91 ms, found 3 plugins.
Preloading 0 native plugins for Editor in 0.00 ms.
Unloading 2665 Unused Serialized files (Serialized files now loaded: 0)
System memory in use before: 100.3 MB.
System memory in use after: 100.5 MB.

Unloading 11 unused Assets to reduce memory usage. Loaded Objects now: 3143.
Total: 2.639200 ms (FindLiveObjects: 0.308100 ms CreateObjectMapping: 0.142500 ms MarkObjects: 2.164400 ms  DeleteObjects: 0.022500 ms)

========================================================================
Received Prepare
Registering precompiled user dll's ...
Registered in 0.005968 seconds.
Begin MonoManager ReloadAssembly
Native extension for WindowsStandalone target not found
Refreshing native plugins compatible for Editor in 0.63 ms, found 3 plugins.
Preloading 0 native plugins for Editor in 0.00 ms.
Mono: successfully reloaded assembly
- Completed reload, in  1.365 seconds
Platform modules already initialized, skipping
Refreshing native plugins compatible for Editor in 0.94 ms, found 3 plugins.
Preloading 0 native plugins for Editor in 0.00 ms.
Unloading 2665 Unused Serialized files (Serialized files now loaded: 0)
System memory in use before: 100.3 MB.
System memory in use after: 100.5 MB.

Unloading 11 unused Assets to reduce memory usage. Loaded Objects now: 3146.
Total: 3.649900 ms (FindLiveObjects: 0.566200 ms CreateObjectMapping: 0.350500 ms MarkObjects: 2.705100 ms  DeleteObjects: 0.026100 ms)

========================================================================
Received Prepare
Registering precompiled user dll's ...
Registered in 0.005722 seconds.
Begin MonoManager ReloadAssembly
Native extension for WindowsStandalone target not found
Refreshing native plugins compatible for Editor in 0.60 ms, found 3 plugins.
Preloading 0 native plugins for Editor in 0.00 ms.
Mono: successfully reloaded assembly
- Completed reload, in  1.252 seconds
Platform modules already initialized, skipping
Refreshing native plugins compatible for Editor in 0.59 ms, found 3 plugins.
Preloading 0 native plugins for Editor in 0.00 ms.
Unloading 2665 Unused Serialized files (Serialized files now loaded: 0)
System memory in use before: 100.3 MB.
System memory in use after: 100.5 MB.

Unloading 11 unused Assets to reduce memory usage. Loaded Objects now: 3149.
Total: 3.018400 ms (FindLiveObjects: 0.353800 ms CreateObjectMapping: 0.145500 ms MarkObjects: 2.496700 ms  DeleteObjects: 0.020900 ms)

========================================================================
Received Prepare
Registering precompiled user dll's ...
Registered in 0.002829 seconds.
Begin MonoManager ReloadAssembly
Native extension for WindowsStandalone target not found
Refreshing native plugins compatible for Editor in 0.63 ms, found 3 plugins.
Preloading 0 native plugins for Editor in 0.00 ms.
Mono: successfully reloaded assembly
- Completed reload, in  1.416 seconds
Platform modules already initialized, skipping
Refreshing native plugins compatible for Editor in 0.70 ms, found 3 plugins.
Preloading 0 native plugins for Editor in 0.00 ms.
Unloading 2665 Unused Serialized files (Serialized files now loaded: 0)
System memory in use before: 100.3 MB.
System memory in use after: 100.5 MB.

Unloading 11 unused Assets to reduce memory usage. Loaded Objects now: 3152.
Total: 3.381000 ms (FindLiveObjects: 0.372500 ms CreateObjectMapping: 0.269500 ms MarkObjects: 2.706400 ms  DeleteObjects: 0.030900 ms)

========================================================================
Received Prepare
Registering precompiled user dll's ...
Registered in 0.005229 seconds.
Begin MonoManager ReloadAssembly
Native extension for WindowsStandalone target not found
Refreshing native plugins compatible for Editor in 0.64 ms, found 3 plugins.
Preloading 0 native plugins for Editor in 0.00 ms.
Mono: successfully reloaded assembly
- Completed reload, in  1.268 seconds
Platform modules already initialized, skipping
Refreshing native plugins compatible for Editor in 0.69 ms, found 3 plugins.
Preloading 0 native plugins for Editor in 0.00 ms.
Unloading 2665 Unused Serialized files (Serialized files now loaded: 0)
System memory in use before: 100.3 MB.
System memory in use after: 100.5 MB.

Unloading 11 unused Assets to reduce memory usage. Loaded Objects now: 3155.
Total: 3.218400 ms (FindLiveObjects: 0.421300 ms CreateObjectMapping: 0.325300 ms MarkObjects: 2.441800 ms  DeleteObjects: 0.028500 ms)

========================================================================
Received Prepare
Registering precompiled user dll's ...
Registered in 0.002916 seconds.
Begin MonoManager ReloadAssembly
Native extension for WindowsStandalone target not found
Refreshing native plugins compatible for Editor in 0.97 ms, found 3 plugins.
Preloading 0 native plugins for Editor in 0.00 ms.
Mono: successfully reloaded assembly
- Completed reload, in  1.316 seconds
Platform modules already initialized, skipping
Refreshing native plugins compatible for Editor in 1.23 ms, found 3 plugins.
Preloading 0 native plugins for Editor in 0.00 ms.
Unloading 2665 Unused Serialized files (Serialized files now loaded: 0)
System memory in use before: 100.3 MB.
System memory in use after: 100.5 MB.

Unloading 11 unused Assets to reduce memory usage. Loaded Objects now: 3158.
Total: 3.052000 ms (FindLiveObjects: 0.405800 ms CreateObjectMapping: 0.300500 ms MarkObjects: 2.318100 ms  DeleteObjects: 0.026000 ms)

========================================================================
Received Import Request.
  Time since last request: 3320.991285 seconds.
  path: Assets/Scenes/ClientNode.cs
  artifactKey: Guid(7a1e5908e83bc8f4eaacba61c1f63420) Importer(815301076,1909f56bfc062723c751e8b465ee728b)
Start importing Assets/Scenes/ClientNode.cs using Guid(7a1e5908e83bc8f4eaacba61c1f63420) Importer(815301076,1909f56bfc062723c751e8b465ee728b)  -> (artifact id: '763cebd8b8c0faf078014ce3768f0b9f') in 0.015790 seconds 
========================================================================
Received Import Request.
  Time since last request: 37.055792 seconds.
  path: Assets/Scenes/CellSendStream.cs
  artifactKey: Guid(4afc32aadd505454c9a7d56444edb323) Importer(815301076,1909f56bfc062723c751e8b465ee728b)
Start importing Assets/Scenes/CellSendStream.cs using Guid(4afc32aadd505454c9a7d56444edb323) Importer(815301076,1909f56bfc062723c751e8b465ee728b)  -> (artifact id: 'c5e183b2d190b57a98303617a04f7c83') in 0.013673 seconds 
========================================================================
Received Import Request.
  Time since last request: 16.249583 seconds.
  path: Assets/Scenes/CellRecvStream.cs
  artifactKey: Guid(f67d9fc776f15d7499a30f6a48e76f42) Importer(815301076,1909f56bfc062723c751e8b465ee728b)
Start importing Assets/Scenes/CellRecvStream.cs using Guid(f67d9fc776f15d7499a30f6a48e76f42) Importer(815301076,1909f56bfc062723c751e8b465ee728b)  -> (artifact id: '07983f451649be49a79c7111cb26a872') in 0.011261 seconds 
========================================================================
Received Prepare
Registering precompiled user dll's ...
Registered in 0.004333 seconds.
Begin MonoManager ReloadAssembly
Native extension for WindowsStandalone target not found
Refreshing native plugins compatible for Editor in 0.64 ms, found 3 plugins.
Preloading 0 native plugins for Editor in 0.00 ms.
Mono: successfully reloaded assembly
- Completed reload, in  1.619 seconds
Platform modules already initialized, skipping
Refreshing native plugins compatible for Editor in 0.62 ms, found 3 plugins.
Preloading 0 native plugins for Editor in 0.00 ms.
Unloading 2666 Unused Serialized files (Serialized files now loaded: 0)
System memory in use before: 100.3 MB.
System memory in use after: 100.6 MB.

Unloading 11 unused Assets to reduce memory usage. Loaded Objects now: 3162.
Total: 3.013500 ms (FindLiveObjects: 0.372200 ms CreateObjectMapping: 0.282400 ms MarkObjects: 2.337200 ms  DeleteObjects: 0.020300 ms)

========================================================================
Received Prepare
Registering precompiled user dll's ...
Registered in 0.003254 seconds.
Begin MonoManager ReloadAssembly
Native extension for WindowsStandalone target not found
Refreshing native plugins compatible for Editor in 0.64 ms, found 3 plugins.
Preloading 0 native plugins for Editor in 0.00 ms.
Mono: successfully reloaded assembly
- Completed reload, in  1.330 seconds
Platform modules already initialized, skipping
Refreshing native plugins compatible for Editor in 0.65 ms, found 3 plugins.
Preloading 0 native plugins for Editor in 0.00 ms.
Unloading 2666 Unused Serialized files (Serialized files now loaded: 0)
System memory in use before: 100.4 MB.
System memory in use after: 100.6 MB.

Unloading 11 unused Assets to reduce memory usage. Loaded Objects now: 3165.
Total: 2.830800 ms (FindLiveObjects: 0.371600 ms CreateObjectMapping: 0.278100 ms MarkObjects: 2.153100 ms  DeleteObjects: 0.026500 ms)

AssetImportWorkerClient::OnTransportError - code=2 error=End of file
